|SourceProjectName:OC Rewards & CRM Online User Guide.hpr
|DestinationProjectName:index.html
index_hha.hhk
index.hhc
index.hhk
OC_Rewards___CRM_Online_User_Guide.htm
template\Azure_Blue\usersettings.js
index.glo
OC_Rewards___CRM_Online_User_Guide.css
template\Desktop_Layout\screen.css
template\iPhone_Layout\mobile.css
template\Android_Tablet_Layout\mobile.css
template\Azure_Blue\layout-rtl.css
template\Azure_Blue\layout.css
template\Azure_Blue\slider_open_ltr.png
template\Azure_Blue\slider_open_rtl.png
template\Azure_Blue\search_desktop_active.png
template\Azure_Blue\search_tab.png
template\Azure_Blue\filter_tab_applied.png
template\Azure_Blue\filter_tab.png
template\Azure_Blue\social_open.png
template\Azure_Blue\filter_mark_radio.png
template\Azure_Blue\filter_mark.png
template\Azure_Blue\toc_link_desktop_rtl.png
template\Android_Tablet_Layout\btn_index.png
template\iPhone_Layout\TOCNodeOpenBookSelected.png
template\iPhone_Layout\TOCNodeOpenBookHover.png
template\Azure_Blue\preview\user-settings.png
template\Android_Tablet_Layout\TOCNodeLink.png
template\Android_Tablet_Layout\TOCNodeLinkHover.png
template\Android_Tablet_Layout\TOCNodePage.png
template\Android_Tablet_Layout\TOCNodePageHover.png
template\Android_Tablet_Layout\TOCNodeOpenBook.png
template\Android_Tablet_Layout\TOCNodeCloseBook.png
template\Android_Tablet_Layout\TocNodeUp.png
template\Desktop_Layout\Print.png
template\Desktop_Layout\bg.png
template\Azure_Blue\top.png
template\Azure_Blue\next.png
template\Azure_Blue\previous.png
template\Azure_Blue\search_desktop_navigation.png
template\Azure_Blue\index_tab.png
template\Azure_Blue\toc_tab.png
template\Azure_Blue\next_tab.png
template\Azure_Blue\menu.png
template\Azure_Blue\idx_topic.png
template\Azure_Blue\logo.png
template\Azure_Blue\loading.gif
template\Azure_Blue\preview\glossary.png
template\iPhone_Layout\BSNext.png
template\iPhone_Layout\BSBack.png
template\iPhone_Layout\index.png
template\iPhone_Layout\toc.png
template\iPhone_Layout\Search.png
template\iPhone_Layout\bg.png
OC_Rewards___CRM_Online_User_Guide_files\image194.gif
OC_Rewards___CRM_Online_User_Guide_files\image192.jpg
OC_Rewards___CRM_Online_User_Guide_files\image190.jpg
OC_Rewards___CRM_Online_User_Guide_files\image188.jpg
OC_Rewards___CRM_Online_User_Guide_files\image186.jpg
OC_Rewards___CRM_Online_User_Guide_files\image184.jpg
OC_Rewards___CRM_Online_User_Guide_files\image182.jpg
OC_Rewards___CRM_Online_User_Guide_files\image180.jpg
OC_Rewards___CRM_Online_User_Guide_files\image178.jpg
OC_Rewards___CRM_Online_User_Guide_files\image176.jpg
OC_Rewards___CRM_Online_User_Guide_files\image174.jpg
OC_Rewards___CRM_Online_User_Guide_files\image172.jpg
OC_Rewards___CRM_Online_User_Guide_files\image170.jpg
OC_Rewards___CRM_Online_User_Guide_files\image168.jpg
OC_Rewards___CRM_Online_User_Guide_files\image166.jpg
OC_Rewards___CRM_Online_User_Guide_files\image164.jpg
OC_Rewards___CRM_Online_User_Guide_files\image162.jpg
OC_Rewards___CRM_Online_User_Guide_files\image160.jpg
OC_Rewards___CRM_Online_User_Guide_files\image158.jpg
OC_Rewards___CRM_Online_User_Guide_files\image156.jpg
OC_Rewards___CRM_Online_User_Guide_files\image154.jpg
OC_Rewards___CRM_Online_User_Guide_files\image152.jpg
OC_Rewards___CRM_Online_User_Guide_files\image150.jpg
OC_Rewards___CRM_Online_User_Guide_files\image148.jpg
OC_Rewards___CRM_Online_User_Guide_files\image146.jpg
OC_Rewards___CRM_Online_User_Guide_files\image144.jpg
OC_Rewards___CRM_Online_User_Guide_files\image142.jpg
OC_Rewards___CRM_Online_User_Guide_files\image140.jpg
OC_Rewards___CRM_Online_User_Guide_files\image138.jpg
OC_Rewards___CRM_Online_User_Guide_files\image136.jpg
OC_Rewards___CRM_Online_User_Guide_files\image134.jpg
OC_Rewards___CRM_Online_User_Guide_files\image132.jpg
OC_Rewards___CRM_Online_User_Guide_files\image130.jpg
OC_Rewards___CRM_Online_User_Guide_files\image128.jpg
OC_Rewards___CRM_Online_User_Guide_files\image126.jpg
OC_Rewards___CRM_Online_User_Guide_files\image124.jpg
OC_Rewards___CRM_Online_User_Guide_files\image122.jpg
OC_Rewards___CRM_Online_User_Guide_files\image120.jpg
OC_Rewards___CRM_Online_User_Guide_files\image118.jpg
OC_Rewards___CRM_Online_User_Guide_files\image116.jpg
OC_Rewards___CRM_Online_User_Guide_files\image114.jpg
OC_Rewards___CRM_Online_User_Guide_files\image112.jpg
OC_Rewards___CRM_Online_User_Guide_files\image110.jpg
OC_Rewards___CRM_Online_User_Guide_files\image108.jpg
OC_Rewards___CRM_Online_User_Guide_files\image106.jpg
OC_Rewards___CRM_Online_User_Guide_files\image104.jpg
OC_Rewards___CRM_Online_User_Guide_files\image102.gif
OC_Rewards___CRM_Online_User_Guide_files\image100.jpg
OC_Rewards___CRM_Online_User_Guide_files\image098.jpg
OC_Rewards___CRM_Online_User_Guide_files\image096.jpg
OC_Rewards___CRM_Online_User_Guide_files\image094.jpg
OC_Rewards___CRM_Online_User_Guide_files\image092.jpg
OC_Rewards___CRM_Online_User_Guide_files\image090.jpg
OC_Rewards___CRM_Online_User_Guide_files\image088.jpg
OC_Rewards___CRM_Online_User_Guide_files\image086.jpg
OC_Rewards___CRM_Online_User_Guide_files\image084.jpg
OC_Rewards___CRM_Online_User_Guide_files\image082.jpg
OC_Rewards___CRM_Online_User_Guide_files\image080.jpg
OC_Rewards___CRM_Online_User_Guide_files\image078.jpg
OC_Rewards___CRM_Online_User_Guide_files\image076.jpg
OC_Rewards___CRM_Online_User_Guide_files\image074.jpg
OC_Rewards___CRM_Online_User_Guide_files\image072.jpg
OC_Rewards___CRM_Online_User_Guide_files\image070.jpg
OC_Rewards___CRM_Online_User_Guide_files\image068.jpg
OC_Rewards___CRM_Online_User_Guide_files\image066.jpg
OC_Rewards___CRM_Online_User_Guide_files\image064.jpg
OC_Rewards___CRM_Online_User_Guide_files\image062.jpg
OC_Rewards___CRM_Online_User_Guide_files\image060.jpg
OC_Rewards___CRM_Online_User_Guide_files\image058.jpg
OC_Rewards___CRM_Online_User_Guide_files\image056.jpg
OC_Rewards___CRM_Online_User_Guide_files\image054.gif
OC_Rewards___CRM_Online_User_Guide_files\image052.jpg
OC_Rewards___CRM_Online_User_Guide_files\image050.jpg
OC_Rewards___CRM_Online_User_Guide_files\image048.jpg
OC_Rewards___CRM_Online_User_Guide_files\image046.jpg
OC_Rewards___CRM_Online_User_Guide_files\image044.jpg
OC_Rewards___CRM_Online_User_Guide_files\image042.jpg
OC_Rewards___CRM_Online_User_Guide_files\image040.jpg
OC_Rewards___CRM_Online_User_Guide_files\image038.jpg
OC_Rewards___CRM_Online_User_Guide_files\image036.jpg
OC_Rewards___CRM_Online_User_Guide_files\image034.jpg
OC_Rewards___CRM_Online_User_Guide_files\image032.jpg
OC_Rewards___CRM_Online_User_Guide_files\image030.jpg
OC_Rewards___CRM_Online_User_Guide_files\image028.jpg
OC_Rewards___CRM_Online_User_Guide_files\image026.jpg
OC_Rewards___CRM_Online_User_Guide_files\image024.jpg
OC_Rewards___CRM_Online_User_Guide_files\image022.jpg
OC_Rewards___CRM_Online_User_Guide_files\image020.jpg
OC_Rewards___CRM_Online_User_Guide_files\image018.jpg
OC_Rewards___CRM_Online_User_Guide_files\image016.jpg
OC_Rewards___CRM_Online_User_Guide_files\image014.jpg
OC_Rewards___CRM_Online_User_Guide_files\image012.gif
OC_Rewards___CRM_Online_User_Guide_files\image010.gif
OC_Rewards___CRM_Online_User_Guide_files\image008.gif
OC_Rewards___CRM_Online_User_Guide_files\image006.gif
OC_Rewards___CRM_Online_User_Guide_files\image004.jpg
OC_Rewards___CRM_Online_User_Guide_files\image002.gif
template\Azure_Blue\preview\filter.png
template\Android_Tablet_Layout\BSNext.png
template\Android_Tablet_Layout\BSBack.png
template\Android_Tablet_Layout\btn_toc.png
template\Android_Tablet_Layout\Search.png
template\Android_Tablet_Layout\btn_home.png
template\Android_Tablet_Layout\bg01.png
template\iPhone_Layout\bullet_Release.png
template\iPhone_Layout\bullet_whatsnew.png
template\Desktop_Layout\contentholder_background.png
template\Azure_Blue\slider_ltr.png
template\Azure_Blue\slider_rtl.png
template\Azure_Blue\filter_desktop_applied.png
template\Azure_Blue\filter_desktop.png
template\Azure_Blue\toc_desktop.png
template\Azure_Blue\toc_book_closed_desktop.png
template\Azure_Blue\search_desktop.png
template\Azure_Blue\preview\toc-mobile.png
template\Azure_Blue\preview\toc-desktop.png
template\Azure_Blue\preview\layout-media-queries.png
template\iPhone_Layout\TOCNodeLink.png
template\iPhone_Layout\TOCNodeLinkHover.png
template\iPhone_Layout\TOCNodeOpenBook.png
template\iPhone_Layout\TOCNodeCloseBook.png
template\iPhone_Layout\TOCNodeCloseBookSelected.png
template\iPhone_Layout\TOCNodeCloseBookHover.png
template\iPhone_Layout\TocNodeUp.png
template\iPhone_Layout\home_default.png
template\iPhone_Layout\TOCNodePageHover.png
template\iPhone_Layout\TOCNodePage.png
template\Desktop_Layout\BSNext.png
template\Azure_Blue\preview\sidebar-desktop.png
template\Desktop_Layout\TOCTreeLinkSelected.png
template\Desktop_Layout\TOCTreePageSelected.png
template\Android_Tablet_Layout\TOCNodeCloseBookSelected.png
template\Android_Tablet_Layout\TOCNodeCloseBookHover.png
template\Desktop_Layout\TOCTreeCloseBookSelected.png
template\Desktop_Layout\TOCTreeOpenBookHover.png
template\Desktop_Layout\TOCTreeCloseBookHover.png
template\Desktop_Layout\TOCTreeCloseBook.png
template\Desktop_Layout\header_background.png
template\Azure_Blue\toc_link_mobile_ltr.png
template\Azure_Blue\previous_active.png
template\Azure_Blue\glossary_desktop.png
template\Azure_Blue\glossary_tab.png
template\Azure_Blue\next_tab_active.png
template\Azure_Blue\previous_tab_active.png
template\Azure_Blue\previous_tab.png
template\Azure_Blue\glossary_mobile.png
template\Azure_Blue\previous_mobile.png
template\Azure_Blue\filter_mobile_applied.png
template\Azure_Blue\toc_link_mobile_rtl.png
template\Azure_Blue\back_mobile_ltr.png
template\Azure_Blue\next_active.png
template\Azure_Blue\back_mobile_rtl.png
template\Azure_Blue\back_mobile_filter.png
template\Azure_Blue\next_mobile_active.png
template\Azure_Blue\next_mobile.png
template\Azure_Blue\toc_book_open_mobile.png
template\Azure_Blue\preview\index.png
template\Azure_Blue\andsearch_nomark.png
template\Azure_Blue\andsearch_mark.png
template\Azure_Blue\preview\sidebar-tablet.png
template\Azure_Blue\preview\functionbar-mobile.png
template\Azure_Blue\preview\functionbar-tablet.png
template\Azure_Blue\preview\functionbar-desktop.png
template\Azure_Blue\preview\header.png
template\Android_Tablet_Layout\TOCNodeOpenBookHover.png
template\Android_Tablet_Layout\icon_glossary.png
template\iPhone_Layout\glossary.png
template\Desktop_Layout\menu_selected.png
template\Azure_Blue\search_mobile.png
template\Azure_Blue\filter_mobile.png
template\Azure_Blue\filter_nomark_radio.png
template\Azure_Blue\filter_nomark.png
template\Azure_Blue\toc_book_open_desktop.png
template\Azure_Blue\preview\filter-mobile.png
template\Azure_Blue\preview\search-mobile.png
template\Android_Tablet_Layout\icon_glossary_hover.png
template\Android_Tablet_Layout\icon_contents_hover.png
template\iPhone_Layout\menu_selected.png
template\Azure_Blue\toc_link_desktop_ltr.png
template\Azure_Blue\previous_mobile_active.png
template\Azure_Blue\toc_book_open_drildown.png
template\Android_Tablet_Layout\searchNext.png
template\Android_Tablet_Layout\icon_index_hover.png
template\Android_Tablet_Layout\icon_index.png
template\Azure_Blue\search_mobile_active.png
template\Azure_Blue\search_mobile_navigation.png
template\Android_Tablet_Layout\btn_glossary.png
template\Android_Tablet_Layout\icon_contact_hover.png
template\Android_Tablet_Layout\icon_contact.png
template\Android_Tablet_Layout\icon_contents.png
template\Azure_Blue\social_close_ltr.png
template\Azure_Blue\toc_mobile.png
template\Azure_Blue\social_close_rtl.png
template\Azure_Blue\filter_clearall.png
template\Azure_Blue\print_desktop.png
template\Azure_Blue\index_desktop.png
template\Azure_Blue\toc_book_closed_mobile.png
template\Azure_Blue\preview\social.png
template\Azure_Blue\preview\search.png
template\Android_Tablet_Layout\right_arrow_W.png
template\Desktop_Layout\BSBack.png
template\Desktop_Layout\TOCTreeLink.png
template\Desktop_Layout\TOCTreePage.png
template\Desktop_Layout\Search.png
template\Desktop_Layout\TOCTreeOpenBook.png
template\Desktop_Layout\searchNextHover.png
template\Desktop_Layout\searchNext.png
template\Desktop_Layout\SearchBackHover.png
template\Desktop_Layout\SearchBack.png
template\Azure_Blue\toc_topic_desktop.png
template\Azure_Blue\toc_topic_mobile.png
template\Azure_Blue\preview\content.png
template\Android_Tablet_Layout\TOCNodeLinkSelected.png
template\Android_Tablet_Layout\TOCNodePageSelected.png
template\Android_Tablet_Layout\searchBack.png
template\Android_Tablet_Layout\icon_about_hover.png
template\Android_Tablet_Layout\icon_about.png
template\iPhone_Layout\TOCNodeLinkSelected.png
template\iPhone_Layout\TOCNodePageSelected.png
template\Desktop_Layout\TOCTreeLinkHover.png
template\Desktop_Layout\TOCTreePageHover.png
clip_image002.gif
template\Azure_Blue\index_mobile.png
template\Azure_Blue\preview\sidebar-mobile.png
template\Android_Tablet_Layout\TOCNodeOpenBookSelected.png
template\iPhone_Layout\searchNextHover.png
template\iPhone_Layout\searchNext.png
template\iPhone_Layout\searchBackHover.png
template\iPhone_Layout\searchBack.png
template\Desktop_Layout\TOCTreeOpenBookHoverSelected.png
template\Desktop_Layout\bullet_Release.png
template\Desktop_Layout\bullet_whatsnew.png
RoboHHRE.lng
index.ppf
ehlpdhtm.js
index.html
SearchOptions.xml
whxdata\toc2.js
whxdata\toc2.new.js
whxdata\toc1.js
whxdata\toc1.new.js
whxdata\toc3.js
whxdata\toc3.new.js
whxdata\toc5.js
whxdata\toc5.new.js
whxdata\toc4.js
whxdata\toc4.new.js
whxdata\toc.js
whxdata\toc.new.js
whxdata\idx.js
whxdata\idx.new.js
whxdata\glo.js
whxdata\glo.new.js
whxdata\package_0_xml.js
whxdata\package_1_xml.js
whxdata\package_2_xml.js
whxdata\package_3_xml.js
whxdata\package_4_xml.js
whxdata\packageindex_xml.js
whxdata\synonym.xml
whxdata\synonym_xml.js
whxdata\topictable_0_xml.js
whxdata\topictableindex_xml.js
whxdata\whfts.xml
whxdata\whfts_xml.js
whxdata\csh.js
whxdata\window.js
projectdata.js
